<?xml version="1.0" encoding="UTF-8"?>
<!-- Generated by org.testng.reporters.JUnitReportReporter -->
<testsuite name="employeedata.UserDetails" tests="1" time="1059.286" ignored="0" failures="0" timestamp="21 Nov 2017 14:05:16 GMT" skipped="0" hostname="SSG-INDIA-WS21" errors="0">
  <testcase name="employeedetails" time="1059.286" classname="employeedata.UserDetails"/>
</testsuite> <!-- employeedata.UserDetails -->
