<?xml version="1.0" encoding="UTF-8"?>
<!-- Generated by org.testng.reporters.JUnitReportReporter -->
<testsuite name="ztrialpackage.SelectDemo" tests="1" time="29.667" ignored="0" failures="0" timestamp="15 Dec 2017 06:12:15 GMT" skipped="0" hostname="SSG-INDIA-WS21" errors="0">
  <testcase name="selectclassdemo" time="29.667" classname="ztrialpackage.SelectDemo"/>
</testsuite> <!-- ztrialpackage.SelectDemo -->
