<?xml version="1.0" encoding="UTF-8"?>
<!-- Generated by org.testng.reporters.JUnitReportReporter -->
<testsuite name="com.employeedataentry.trialjava.Stringcount" tests="1" time="0.012" ignored="0" failures="0" timestamp="21 Mar 2018 06:05:54 GMT" skipped="0" hostname="SSG-INDIA-WS21" errors="0">
  <testcase name="stringcount" time="0.012" classname="com.employeedataentry.trialjava.Stringcount"/>
</testsuite> <!-- com.employeedataentry.trialjava.Stringcount -->
