<?xml version="1.0" encoding="UTF-8"?>
<!-- Generated by org.testng.reporters.JUnitReportReporter -->
<testsuite name="ztrialpackage.Alertscreenshot" tests="1" time="24.707" ignored="0" failures="0" timestamp="05 Mar 2018 09:36:04 GMT" skipped="0" hostname="SSG-INDIA-WS21" errors="0">
  <testcase name="alertprint" time="24.707" classname="ztrialpackage.Alertscreenshot"/>
</testsuite> <!-- ztrialpackage.Alertscreenshot -->
